{
  "RSpec": {
    "coverage": {
      "/Users/Jade/CraftAcademy/Week_6/evensteven/app/channels/application_cable/channel.rb": [
        0,
        0,
        0,
        0
      ],
      "/Users/Jade/CraftAcademy/Week_6/evensteven/app/channels/application_cable/connection.rb": [
        0,
        0,
        0,
        0
      ],
      "/Users/Jade/CraftAcademy/Week_6/evensteven/app/controllers/application_controller.rb": [
        0,
        0,
        0
      ],
      "/Users/Jade/CraftAcademy/Week_6/evensteven/app/helpers/application_helper.rb": [
        0,
        0
      ],
      "/Users/Jade/CraftAcademy/Week_6/evensteven/app/jobs/application_job.rb": [
        0,
        0
      ],
      "/Users/Jade/CraftAcademy/Week_6/evensteven/app/mailers/application_mailer.rb": [
        0,
        0,
        0,
        0
      ],
      "/Users/Jade/CraftAcademy/Week_6/evensteven/app/models/application_record.rb": [
        0,
        0,
        0
      ]
    },
    "timestamp": 1519720940
  },
  "Cucumber Features": {
    "coverage": {
      "/Users/Jade/CraftAcademy/Week_6/evensteven/app/models/user.rb": [
        1,
        null,
        null,
        1,
        null,
        null
      ],
      "/Users/Jade/CraftAcademy/Week_6/evensteven/app/models/application_record.rb": [
        1,
        1,
        null
      ],
      "/Users/Jade/CraftAcademy/Week_6/evensteven/app/controllers/welcome_controller.rb": [
        1,
        null,
        1,
        null,
        null,
        null
      ],
      "/Users/Jade/CraftAcademy/Week_6/evensteven/app/controllers/application_controller.rb": [
        1,
        1,
        null
      ],
      "/Users/Jade/CraftAcademy/Week_6/evensteven/app/helpers/application_helper.rb": [
        1,
        null
      ],
      "/Users/Jade/CraftAcademy/Week_6/evensteven/app/helpers/welcome_helper.rb": [
        1,
        null
      ],
      "/Users/Jade/CraftAcademy/Week_6/evensteven/app/channels/application_cable/channel.rb": [
        0,
        0,
        0,
        0
      ],
      "/Users/Jade/CraftAcademy/Week_6/evensteven/app/channels/application_cable/connection.rb": [
        0,
        0,
        0,
        0
      ],
      "/Users/Jade/CraftAcademy/Week_6/evensteven/app/jobs/application_job.rb": [
        0,
        0
      ],
      "/Users/Jade/CraftAcademy/Week_6/evensteven/app/mailers/application_mailer.rb": [
        0,
        0,
        0,
        0
      ]
    },
    "timestamp": 1519744469
  }
}
